<?xml version="1.0" encoding="UTF-8"?>
<testsuite xmlns:xsi="http://www.w3.org/2001/XMLSchema-instance" xsi:noNamespaceSchemaLocation="https://maven.apache.org/surefire/maven-surefire-plugin/xsd/surefire-test-report-3.0.xsd" version="3.0" name="TestSuite" time="16.782" tests="9" errors="0" skipped="0" failures="0">
  <properties>
[...]
</properties>
  <testcase name="runScenario[&quot;Add item to cart&quot;, &quot;Cart functionality on SauceDemo&quot;](1)" classname="runners.TestRunner" time="2.78">
    <system-out><![CDATA[
Scenario: Add item to cart                # src/test/resources/features/cart.feature:3
  Given I am logged in as "standard_user" # steps.CartSteps.iAmLoggedInAs(java.lang.String)
  When I add the backpack to the cart     # steps.CartSteps.iAddBackpackToCart()
  Then the cart badge should show "1"     # steps.CartSteps.cartBadgeShouldShow(java.lang.String)
]]></system-out>
    <system-err><![CDATA[SLF4J: Failed to load class "org.slf4j.impl.StaticLoggerBinder".
SLF4J: Defaulting to no-operation (NOP) logger implementation
SLF4J: See http://www.slf4j.org/codes.html#StaticLoggerBinder for further details.
Jun 11, 2026 7:31:34 P.M. org.openqa.selenium.devtools.CdpVersionFinder findNearestMatch
WARNING: Unable to find CDP implementation matching 149
Jun 11, 2026 7:31:34 P.M. org.openqa.selenium.chromium.ChromiumDriver lambda$new$5
WARNING: Unable to find version of CDP to use for 149.0.7827.102. You may need to include a dependency on a specific version of the CDP using something similar to `org.seleniumhq.selenium:selenium-devtools-v86:4.25.0` where the version ("v86") matches the version of the chromium-based browser you're using and the version number of the artifact is the same as Selenium's.
]]></system-err>
  </testcase>
  <testcase name="runScenario[&quot;Remove item from cart&quot;, &quot;Cart functionality on SauceDemo&quot;](2)" classname="runners.TestRunner" time="1.582">
    <system-out><![CDATA[
Scenario: Remove item from cart                   # src/test/resources/features/cart.feature:8
  Given I am logged in as "standard_user"         # steps.CartSteps.iAmLoggedInAs(java.lang.String)
  When I add the backpack to the cart             # steps.CartSteps.iAddBackpackToCart()
  And I go to the cart                            # steps.CartSteps.iGoToCart()
  Then the backpack should be present in the cart # steps.CartSteps.backpackShouldBePresentInCart()
  When I remove the item from the cart            # steps.CartSteps.iRemoveItemFromCart()
  Then the cart should be empty                   # steps.CartSteps.cartShouldBeEmpty()
]]></system-out>
    <system-err><![CDATA[Jun 11, 2026 7:31:35 P.M. org.openqa.selenium.devtools.CdpVersionFinder findNearestMatch
WARNING: Unable to find CDP implementation matching 149
Jun 11, 2026 7:31:35 P.M. org.openqa.selenium.chromium.ChromiumDriver lambda$new$5
WARNING: Unable to find version of CDP to use for 149.0.7827.102. You may need to include a dependency on a specific version of the CDP using something similar to `org.seleniumhq.selenium:selenium-devtools-v86:4.25.0` where the version ("v86") matches the version of the chromium-based browser you're using and the version number of the artifact is the same as Selenium's.
]]></system-err>
  </testcase>
  <testcase name="runScenario[&quot;Navigate to checkout from cart&quot;, &quot;Cart functionality on SauceDemo&quot;](3)" classname="runners.TestRunner" time="1.647">
    <system-out><![CDATA[
Scenario: Navigate to checkout from cart  # src/test/resources/features/cart.feature:16
  Given I am logged in as "standard_user" # steps.CartSteps.iAmLoggedInAs(java.lang.String)
  When I add the backpack to the cart     # steps.CartSteps.iAddBackpackToCart()
  And I go to the cart                    # steps.CartSteps.iGoToCart()
  And I click checkout                    # steps.CartSteps.iClickCheckout()
  Then I should be on the checkout page   # steps.CartSteps.iShouldBeOnCheckoutPage()
]]></system-out>
    <system-err><![CDATA[Jun 11, 2026 7:31:37 P.M. org.openqa.selenium.devtools.CdpVersionFinder findNearestMatch
WARNING: Unable to find CDP implementation matching 149
Jun 11, 2026 7:31:37 P.M. org.openqa.selenium.chromium.ChromiumDriver lambda$new$5
WARNING: Unable to find version of CDP to use for 149.0.7827.102. You may need to include a dependency on a specific version of the CDP using something similar to `org.seleniumhq.selenium:selenium-devtools-v86:4.25.0` where the version ("v86") matches the version of the chromium-based browser you're using and the version number of the artifact is the same as Selenium's.
]]></system-err>
  </testcase>
  <testcase name="runScenario[&quot;Complete a successful purchase&quot;, &quot;Checkout functionality on SauceDemo&quot;](4)" classname="runners.TestRunner" time="1.974">
    <system-out><![CDATA[
Scenario: Complete a successful purchase                                    # src/test/resources/features/checkout.feature:3
  Given I am logged in as "standard_user"                                   # steps.CartSteps.iAmLoggedInAs(java.lang.String)
  When I add the backpack to the cart                                       # steps.CartSteps.iAddBackpackToCart()
  And I go to the cart                                                      # steps.CartSteps.iGoToCart()
  And I click checkout                                                      # steps.CartSteps.iClickCheckout()
  And I enter first name "Navya" last name "Zacharia" and postal code "D01" # steps.CheckoutSteps.iEnterCheckoutDetails(java.lang.String,java.lang.String,java.lang.String)
  And I click continue                                                      # steps.CheckoutSteps.iClickContinue()
  And I click finish                                                        # steps.CheckoutSteps.iClickFinish()
  Then I should see the confirmation message "Thank you for your order!"    # steps.CheckoutSteps.iShouldSeeConfirmationMessage(java.lang.String)
]]></system-out>
    <system-err><![CDATA[Jun 11, 2026 7:31:39 P.M. org.openqa.selenium.devtools.CdpVersionFinder findNearestMatch
WARNING: Unable to find CDP implementation matching 149
Jun 11, 2026 7:31:39 P.M. org.openqa.selenium.chromium.ChromiumDriver lambda$new$5
WARNING: Unable to find version of CDP to use for 149.0.7827.102. You may need to include a dependency on a specific version of the CDP using something similar to `org.seleniumhq.selenium:selenium-devtools-v86:4.25.0` where the version ("v86") matches the version of the chromium-based browser you're using and the version number of the artifact is the same as Selenium's.
]]></system-err>
  </testcase>
  <testcase name="runScenario[&quot;Checkout fails with missing first name&quot;, &quot;Checkout functionality on SauceDemo&quot;](5)" classname="runners.TestRunner" time="1.805">
    <system-out><![CDATA[
Scenario: Checkout fails with missing first name                       # src/test/resources/features/checkout.feature:13
  Given I am logged in as "standard_user"                              # steps.CartSteps.iAmLoggedInAs(java.lang.String)
  When I add the backpack to the cart                                  # steps.CartSteps.iAddBackpackToCart()
  And I go to the cart                                                 # steps.CartSteps.iGoToCart()
  And I click checkout                                                 # steps.CartSteps.iClickCheckout()
  And I enter first name "" last name "Zacharia" and postal code "D01" # steps.CheckoutSteps.iEnterCheckoutDetails(java.lang.String,java.lang.String,java.lang.String)
  And I click continue                                                 # steps.CheckoutSteps.iClickContinue()
  Then I should see checkout error "Error: First Name is required"     # steps.CheckoutSteps.iShouldSeeCheckoutError(java.lang.String)
]]></system-out>
    <system-err><![CDATA[Jun 11, 2026 7:31:41 P.M. org.openqa.selenium.devtools.CdpVersionFinder findNearestMatch
WARNING: Unable to find CDP implementation matching 149
Jun 11, 2026 7:31:41 P.M. org.openqa.selenium.chromium.ChromiumDriver lambda$new$5
WARNING: Unable to find version of CDP to use for 149.0.7827.102. You may need to include a dependency on a specific version of the CDP using something similar to `org.seleniumhq.selenium:selenium-devtools-v86:4.25.0` where the version ("v86") matches the version of the chromium-based browser you're using and the version number of the artifact is the same as Selenium's.
]]></system-err>
  </testcase>
  <testcase name="runScenario[&quot;Checkout fails with missing postal code&quot;, &quot;Checkout functionality on SauceDemo&quot;](6)" classname="runners.TestRunner" time="1.822">
    <system-out><![CDATA[
Scenario: Checkout fails with missing postal code                        # src/test/resources/features/checkout.feature:22
  Given I am logged in as "standard_user"                                # steps.CartSteps.iAmLoggedInAs(java.lang.String)
  When I add the backpack to the cart                                    # steps.CartSteps.iAddBackpackToCart()
  And I go to the cart                                                   # steps.CartSteps.iGoToCart()
  And I click checkout                                                   # steps.CartSteps.iClickCheckout()
  And I enter first name "Navya" last name "Zacharia" and postal code "" # steps.CheckoutSteps.iEnterCheckoutDetails(java.lang.String,java.lang.String,java.lang.String)
  And I click continue                                                   # steps.CheckoutSteps.iClickContinue()
  Then I should see checkout error "Error: Postal Code is required"      # steps.CheckoutSteps.iShouldSeeCheckoutError(java.lang.String)
]]></system-out>
    <system-err><![CDATA[Jun 11, 2026 7:31:43 P.M. org.openqa.selenium.devtools.CdpVersionFinder findNearestMatch
WARNING: Unable to find CDP implementation matching 149
Jun 11, 2026 7:31:43 P.M. org.openqa.selenium.chromium.ChromiumDriver lambda$new$5
WARNING: Unable to find version of CDP to use for 149.0.7827.102. You may need to include a dependency on a specific version of the CDP using something similar to `org.seleniumhq.selenium:selenium-devtools-v86:4.25.0` where the version ("v86") matches the version of the chromium-based browser you're using and the version number of the artifact is the same as Selenium's.
]]></system-err>
  </testcase>
  <testcase name="runScenario[&quot;Successful login with valid credentials&quot;, &quot;Login functionality on SauceDemo&quot;](7)" classname="runners.TestRunner" time="1.323">
    <system-out><![CDATA[
Scenario: Successful login with valid credentials                   # src/test/resources/features/login.feature:3
  Given I am on the SauceDemo login page                            # steps.LoginSteps.iAmOnTheLoginPage()
  When I enter username "standard_user" and password "secret_sauce" # steps.LoginSteps.iEnterCredentials(java.lang.String,java.lang.String)
  And I click the login button                                      # steps.LoginSteps.iClickLoginButton()
  Then I should be redirected to the inventory page                 # steps.LoginSteps.iShouldBeOnInventoryPage()
]]></system-out>
    <system-err><![CDATA[Jun 11, 2026 7:31:44 P.M. org.openqa.selenium.devtools.CdpVersionFinder findNearestMatch
WARNING: Unable to find CDP implementation matching 149
Jun 11, 2026 7:31:44 P.M. org.openqa.selenium.chromium.ChromiumDriver lambda$new$5
WARNING: Unable to find version of CDP to use for 149.0.7827.102. You may need to include a dependency on a specific version of the CDP using something similar to `org.seleniumhq.selenium:selenium-devtools-v86:4.25.0` where the version ("v86") matches the version of the chromium-based browser you're using and the version number of the artifact is the same as Selenium's.
]]></system-err>
  </testcase>
  <testcase name="runScenario[&quot;Failed login with invalid credentials&quot;, &quot;Login functionality on SauceDemo&quot;](8)" classname="runners.TestRunner" time="1.387">
    <system-out><![CDATA[
Scenario: Failed login with invalid credentials                                                                  # src/test/resources/features/login.feature:9
  Given I am on the SauceDemo login page                                                                         # steps.LoginSteps.iAmOnTheLoginPage()
  When I enter username "invalid_user" and password "wrong_password"                                             # steps.LoginSteps.iEnterCredentials(java.lang.String,java.lang.String)
  And I click the login button                                                                                   # steps.LoginSteps.iClickLoginButton()
  Then I should see an error message "Epic sadface: Username and password do not match any user in this service" # steps.LoginSteps.iShouldSeeErrorMessage(java.lang.String)
]]></system-out>
    <system-err><![CDATA[Jun 11, 2026 7:31:46 P.M. org.openqa.selenium.devtools.CdpVersionFinder findNearestMatch
WARNING: Unable to find CDP implementation matching 149
Jun 11, 2026 7:31:46 P.M. org.openqa.selenium.chromium.ChromiumDriver lambda$new$5
WARNING: Unable to find version of CDP to use for 149.0.7827.102. You may need to include a dependency on a specific version of the CDP using something similar to `org.seleniumhq.selenium:selenium-devtools-v86:4.25.0` where the version ("v86") matches the version of the chromium-based browser you're using and the version number of the artifact is the same as Selenium's.
]]></system-err>
  </testcase>
  <testcase name="runScenario[&quot;Failed login with locked out user&quot;, &quot;Login functionality on SauceDemo&quot;](9)" classname="runners.TestRunner" time="1.459">
    <system-out><![CDATA[
Scenario: Failed login with locked out user                                                # src/test/resources/features/login.feature:15
  Given I am on the SauceDemo login page                                                   # steps.LoginSteps.iAmOnTheLoginPage()
  When I enter username "locked_out_user" and password "secret_sauce"                      # steps.LoginSteps.iEnterCredentials(java.lang.String,java.lang.String)
  And I click the login button                                                             # steps.LoginSteps.iClickLoginButton()
  Then I should see an error message "Epic sadface: Sorry, this user has been locked out." # steps.LoginSteps.iShouldSeeErrorMessage(java.lang.String)
]]></system-out>
    <system-err><![CDATA[Jun 11, 2026 7:31:47 P.M. org.openqa.selenium.devtools.CdpVersionFinder findNearestMatch
WARNING: Unable to find CDP implementation matching 149
Jun 11, 2026 7:31:47 P.M. org.openqa.selenium.chromium.ChromiumDriver lambda$new$5
WARNING: Unable to find version of CDP to use for 149.0.7827.102. You may need to include a dependency on a specific version of the CDP using something similar to `org.seleniumhq.selenium:selenium-devtools-v86:4.25.0` where the version ("v86") matches the version of the chromium-based browser you're using and the version number of the artifact is the same as Selenium's.
]]></system-err>
  </testcase>
</testsuite>