<?xml version="1.0" encoding="UTF-8"?>
<!-- Generated by org.testng.reporters.JUnitReportReporter -->
<testsuite hostname="Navya" failures="0" tests="9" name="runners.TestRunner" time="15.781" errors="0" timestamp="2026-06-11T19:31:48 IST" skipped="0">
  <testcase classname="runners.TestRunner" name="runScenario" time="1.975"/>
  <testcase classname="runners.TestRunner" name="runScenario" time="1.648"/>
  <testcase classname="runners.TestRunner" name="runScenario" time="2.780"/>
  <testcase classname="runners.TestRunner" name="runScenario" time="1.823"/>
  <testcase classname="runners.TestRunner" name="runScenario" time="1.458"/>
  <testcase classname="runners.TestRunner" name="runScenario" time="1.806"/>
  <testcase classname="runners.TestRunner" name="runScenario" time="1.583"/>
  <testcase classname="runners.TestRunner" name="runScenario" time="1.322"/>
  <testcase classname="runners.TestRunner" name="runScenario" time="1.386"/>
</testsuite> <!-- runners.TestRunner -->
